<?xml version="1.0" encoding="UTF-8"?>
<testng-results skipped="0" failed="0" total="1" passed="1">
  <reporter-output>
  </reporter-output>
  <suite name="Suite" duration-ms="34090" started-at="2016-08-24T13:26:24Z" finished-at="2016-08-24T13:26:58Z">
    <groups>
    </groups>
    <test name="Test" duration-ms="34090" started-at="2016-08-24T13:26:24Z" finished-at="2016-08-24T13:26:58Z">
      <class name="com.org.pages.Login">
        <test-method status="PASS" signature="testEasy()[pri:0, instance:com.org.pages.Login@19e13df]" name="testEasy" duration-ms="32022" started-at="2016-08-24T18:56:24Z" finished-at="2016-08-24T18:56:56Z">
          <reporter-output>
          </reporter-output>
        </test-method> <!-- testEasy -->
        <test-method status="PASS" signature="afterTest()[pri:0, instance:com.org.pages.Login@19e13df]" name="afterTest" is-config="true" duration-ms="2047" started-at="2016-08-24T18:56:56Z" finished-at="2016-08-24T18:56:58Z">
          <reporter-output>
          </reporter-output>
        </test-method> <!-- afterTest -->
      </class> <!-- com.org.pages.Login -->
    </test> <!-- Test -->
  </suite> <!-- Suite -->
</testng-results>
