<?xml version="1.0" encoding="UTF-8"?>
<testng-results skipped="0" failed="0" total="1" passed="1">
  <reporter-output>
  </reporter-output>
  <suite name="Default suite" duration-ms="69715" started-at="2016-08-24T11:30:13Z" finished-at="2016-08-24T11:31:23Z">
    <groups>
    </groups>
    <test name="Default test" duration-ms="69715" started-at="2016-08-24T11:30:13Z" finished-at="2016-08-24T11:31:23Z">
      <class name="com.org.pages.Login">
        <test-method status="PASS" signature="beforeTest()[pri:0, instance:com.org.pages.Login@198378d]" name="beforeTest" is-config="true" duration-ms="32520" started-at="2016-08-24T17:00:13Z" finished-at="2016-08-24T17:00:46Z">
          <reporter-output>
          </reporter-output>
        </test-method> <!-- beforeTest -->
        <test-method status="PASS" signature="testEasy()[pri:0, instance:com.org.pages.Login@198378d]" name="testEasy" duration-ms="30500" started-at="2016-08-24T17:00:46Z" finished-at="2016-08-24T17:01:16Z">
          <reporter-output>
          </reporter-output>
        </test-method> <!-- testEasy -->
        <test-method status="PASS" signature="afterTest()[pri:0, instance:com.org.pages.Login@198378d]" name="afterTest" is-config="true" duration-ms="6681" started-at="2016-08-24T17:01:16Z" finished-at="2016-08-24T17:01:23Z">
          <reporter-output>
          </reporter-output>
        </test-method> <!-- afterTest -->
      </class> <!-- com.org.pages.Login -->
    </test> <!-- Default test -->
  </suite> <!-- Default suite -->
</testng-results>
