<?xml version="1.0" encoding="UTF-8"?>
<testng-results skipped="0" failed="0" total="1" passed="1">
  <reporter-output>
  </reporter-output>
  <suite name="Suite" duration-ms="36399" started-at="2016-08-24T14:02:55Z" finished-at="2016-08-24T14:03:31Z">
    <groups>
    </groups>
    <test name="Test" duration-ms="36399" started-at="2016-08-24T14:02:55Z" finished-at="2016-08-24T14:03:31Z">
      <class name="com.org.pages.Login">
        <test-method status="PASS" signature="testEasy()[pri:0, instance:com.org.pages.Login@1e4cb85]" name="testEasy" duration-ms="34467" started-at="2016-08-24T19:32:55Z" finished-at="2016-08-24T19:33:29Z">
          <reporter-output>
          </reporter-output>
        </test-method> <!-- testEasy -->
        <test-method status="PASS" signature="afterTest()[pri:0, instance:com.org.pages.Login@1e4cb85]" name="afterTest" is-config="true" duration-ms="1916" started-at="2016-08-24T19:33:29Z" finished-at="2016-08-24T19:33:31Z">
          <reporter-output>
          </reporter-output>
        </test-method> <!-- afterTest -->
      </class> <!-- com.org.pages.Login -->
    </test> <!-- Test -->
  </suite> <!-- Suite -->
</testng-results>
