<?xml version="1.0" encoding="UTF-8"?>
<testng-results skipped="0" failed="0" total="1" passed="1">
  <reporter-output>
  </reporter-output>
  <suite name="Suite" duration-ms="40206" started-at="2016-08-24T13:34:02Z" finished-at="2016-08-24T13:34:42Z">
    <groups>
    </groups>
    <test name="Test" duration-ms="40206" started-at="2016-08-24T13:34:02Z" finished-at="2016-08-24T13:34:42Z">
      <class name="com.org.pages.Login">
        <test-method status="PASS" signature="testEasy()[pri:0, instance:com.org.pages.Login@1e4cb85]" name="testEasy" duration-ms="39365" started-at="2016-08-24T19:04:02Z" finished-at="2016-08-24T19:04:42Z">
          <reporter-output>
          </reporter-output>
        </test-method> <!-- testEasy -->
        <test-method status="PASS" signature="afterTest()[pri:0, instance:com.org.pages.Login@1e4cb85]" name="afterTest" is-config="true" duration-ms="825" started-at="2016-08-24T19:04:42Z" finished-at="2016-08-24T19:04:42Z">
          <reporter-output>
          </reporter-output>
        </test-method> <!-- afterTest -->
      </class> <!-- com.org.pages.Login -->
    </test> <!-- Test -->
  </suite> <!-- Suite -->
</testng-results>
